# JRE version: OpenJDK Runtime Environment Temurin-17.0.9+9 (17.0.9+9) (build 17.0.9+9)
# Java VM: OpenJDK 64-Bit Server VM Temurin-17.0.9+9 (17.0.9+9, mixed mode, tiered, compressed oops, compressed class ptrs, parallel gc, windows-amd64)
GC Precious Log:
 CPUs: 4 total, 4 available
 Memory: 7881M
 Large Page Support: Disabled
 NUMA Support: Disabled
 Compressed Oops: Enabled (32-bit)
 Alignments: Space 512K, Generation 512K, Heap 2M
 Heap Min Capacity: 100M
 Heap Initial Capacity: 100M
 Heap Max Capacity: 1G
 Pre-touch: Disabled
 Parallel Workers: 4
Heap:
 PSYoungGen      total 23552K, used 2583K [0x00000000eab00000, 0x00000000ec700000, 0x0000000100000000)
  eden space 22016K, 6% used [0x00000000eab00000,0x00000000eac4df40,0x00000000ec080000)
  from space 1536K, 81% used [0x00000000ec580000,0x00000000ec6b8000,0x00000000ec700000)
  to   space 1536K, 0% used [0x00000000ec400000,0x00000000ec400000,0x00000000ec580000)
 ParOldGen       total 68608K, used 15994K [0x00000000c0000000, 0x00000000c4300000, 0x00000000eab00000)
  object space 68608K, 23% used [0x00000000c0000000,0x00000000c0f9eb48,0x00000000c4300000)
 Metaspace       used 46582K, committed 47424K, reserved 1114112K
  class space    used 4952K, committed 5248K, reserved 1048576K
GC Heap History (20 events):
Event: 66.623 GC heap before
{Heap before GC invocations=7 (full 1):
 PSYoungGen      total 29696K, used 25600K [0x00000000eab00000, 0x00000000ece00000, 0x0000000100000000)
  eden space 25600K, 100% used [0x00000000eab00000,0x00000000ec400000,0x00000000ec400000)
  from space 4096K, 0% used [0x00000000ec400000,0x00000000ec400000,0x00000000ec800000)
  to   space 5120K, 0% used [0x00000000ec900000,0x00000000ec900000,0x00000000ece00000)
 ParOldGen       total 68608K, used 10578K [0x00000000c0000000, 0x00000000c4300000, 0x00000000eab00000)
  object space 68608K, 15% used [0x00000000c0000000,0x00000000c0a54b80,0x00000000c4300000)
 Metaspace       used 24478K, committed 25088K, reserved 1114112K
  class space    used 2478K, committed 2688K, reserved 1048576K
}
Event: 66.630 GC heap after
{Heap after GC invocations=7 (full 1):
 PSYoungGen      total 26624K, used 1051K [0x00000000eab00000, 0x00000000eca80000, 0x0000000100000000)
  eden space 25088K, 0% used [0x00000000eab00000,0x00000000eab00000,0x00000000ec380000)
  from space 1536K, 68% used [0x00000000ec900000,0x00000000eca06c60,0x00000000eca80000)
  to   space 2560K, 0% used [0x00000000ec580000,0x00000000ec580000,0x00000000ec800000)
 ParOldGen       total 68608K, used 10586K [0x00000000c0000000, 0x00000000c4300000, 0x00000000eab00000)
  object space 68608K, 15% used [0x00000000c0000000,0x00000000c0a56b80,0x00000000c4300000)
 Metaspace       used 24478K, committed 25088K, reserved 1114112K
  class space    used 2478K, committed 2688K, reserved 1048576K
}
Event: 68.470 GC heap before
{Heap before GC invocations=8 (full 1):
 PSYoungGen      total 26624K, used 26139K [0x00000000eab00000, 0x00000000eca80000, 0x0000000100000000)
  eden space 25088K, 100% used [0x00000000eab00000,0x00000000ec380000,0x00000000ec380000)
  from space 1536K, 68% used [0x00000000ec900000,0x00000000eca06c60,0x00000000eca80000)
  to   space 2560K, 0% used [0x00000000ec580000,0x00000000ec580000,0x00000000ec800000)
 ParOldGen       total 68608K, used 10586K [0x00000000c0000000, 0x00000000c4300000, 0x00000000eab00000)
  object space 68608K, 15% used [0x00000000c0000000,0x00000000c0a56b80,0x00000000c4300000)
 Metaspace       used 27595K, committed 28224K, reserved 1114112K
  class space    used 2800K, committed 3008K, reserved 1048576K
}
Event: 68.478 GC heap after
{Heap after GC invocations=8 (full 1):
 PSYoungGen      total 27136K, used 2542K [0x00000000eab00000, 0x00000000ecd00000, 0x0000000100000000)
  eden space 24576K, 0% used [0x00000000eab00000,0x00000000eab00000,0x00000000ec300000)
  from space 2560K, 99% used [0x00000000ec580000,0x00000000ec7fba70,0x00000000ec800000)
  to   space 5120K, 0% used [0x00000000ec800000,0x00000000ec800000,0x00000000ecd00000)
 ParOldGen       total 68608K, used 12179K [0x00000000c0000000, 0x00000000c4300000, 0x00000000eab00000)
  object space 68608K, 17% used [0x00000000c0000000,0x00000000c0be4df0,0x00000000c4300000)
 Metaspace       used 27595K, committed 28224K, reserved 1114112K
  class space    used 2800K, committed 3008K, reserved 1048576K
}
Event: 69.372 GC heap before
{Heap before GC invocations=9 (full 1):
 PSYoungGen      total 27136K, used 27118K [0x00000000eab00000, 0x00000000ecd00000, 0x0000000100000000)
  eden space 24576K, 100% used [0x00000000eab00000,0x00000000ec300000,0x00000000ec300000)
  from space 2560K, 99% used [0x00000000ec580000,0x00000000ec7fba70,0x00000000ec800000)
  to   space 5120K, 0% used [0x00000000ec800000,0x00000000ec800000,0x00000000ecd00000)
 ParOldGen       total 68608K, used 12179K [0x00000000c0000000, 0x00000000c4300000, 0x00000000eab00000)
  object space 68608K, 17% used [0x00000000c0000000,0x00000000c0be4e40,0x00000000c4300000)
 Metaspace       used 30564K, committed 31232K, reserved 1114112K
  class space    used 3012K, committed 3264K, reserved 1048576K
}
Event: 69.375 GC heap after
{Heap after GC invocations=9 (full 1):
 PSYoungGen      total 28160K, used 3113K [0x00000000eab00000, 0x00000000ecb80000, 0x0000000100000000)
  eden space 24576K, 0% used [0x00000000eab00000,0x00000000eab00000,0x00000000ec300000)
  from space 3584K, 86% used [0x00000000ec800000,0x00000000ecb0a6d0,0x00000000ecb80000)
  to   space 3584K, 0% used [0x00000000ec480000,0x00000000ec480000,0x00000000ec800000)
 ParOldGen       total 68608K, used 12187K [0x00000000c0000000, 0x00000000c4300000, 0x00000000eab00000)
  object space 68608K, 17% used [0x00000000c0000000,0x00000000c0be6e40,0x00000000c4300000)
 Metaspace       used 30564K, committed 31232K, reserved 1114112K
  class space    used 3012K, committed 3264K, reserved 1048576K
}
Event: 70.202 GC heap before
{Heap before GC invocations=10 (full 1):
 PSYoungGen      total 28160K, used 27689K [0x00000000eab00000, 0x00000000ecb80000, 0x0000000100000000)
  eden space 24576K, 100% used [0x00000000eab00000,0x00000000ec300000,0x00000000ec300000)
  from space 3584K, 86% used [0x00000000ec800000,0x00000000ecb0a6d0,0x00000000ecb80000)
  to   space 3584K, 0% used [0x00000000ec480000,0x00000000ec480000,0x00000000ec800000)
 ParOldGen       total 68608K, used 12273K [0x00000000c0000000, 0x00000000c4300000, 0x00000000eab00000)
  object space 68608K, 17% used [0x00000000c0000000,0x00000000c0bfc480,0x00000000c4300000)
 Metaspace       used 33597K, committed 34240K, reserved 1114112K
  class space    used 3313K, committed 3584K, reserved 1048576K
}
Event: 70.209 GC heap after
{Heap after GC invocations=10 (full 1):
 PSYoungGen      total 26624K, used 2538K [0x00000000eab00000, 0x00000000ec880000, 0x0000000100000000)
  eden space 24064K, 0% used [0x00000000eab00000,0x00000000eab00000,0x00000000ec280000)
  from space 2560K, 99% used [0x00000000ec480000,0x00000000ec6fa988,0x00000000ec700000)
  to   space 1536K, 0% used [0x00000000ec700000,0x00000000ec700000,0x00000000ec880000)
 ParOldGen       total 68608K, used 13136K [0x00000000c0000000, 0x00000000c4300000, 0x00000000eab00000)
  object space 68608K, 19% used [0x00000000c0000000,0x00000000c0cd40b8,0x00000000c4300000)
 Metaspace       used 33597K, committed 34240K, reserved 1114112K
  class space    used 3313K, committed 3584K, reserved 1048576K
}
Event: 72.007 GC heap before
{Heap before GC invocations=11 (full 1):
 PSYoungGen      total 26624K, used 19515K [0x00000000eab00000, 0x00000000ec880000, 0x0000000100000000)
  eden space 24064K, 70% used [0x00000000eab00000,0x00000000ebb94590,0x00000000ec280000)
  from space 2560K, 99% used [0x00000000ec480000,0x00000000ec6fa988,0x00000000ec700000)
  to   space 1536K, 0% used [0x00000000ec700000,0x00000000ec700000,0x00000000ec880000)
 ParOldGen       total 68608K, used 13136K [0x00000000c0000000, 0x00000000c4300000, 0x00000000eab00000)
  object space 68608K, 19% used [0x00000000c0000000,0x00000000c0cd40b8,0x00000000c4300000)
 Metaspace       used 35205K, committed 35840K, reserved 1114112K
  class space    used 3536K, committed 3840K, reserved 1048576K
}
Event: 72.010 GC heap after
{Heap after GC invocations=11 (full 1):
 PSYoungGen      total 25600K, used 1138K [0x00000000eab00000, 0x00000000ec880000, 0x0000000100000000)
  eden space 24064K, 0% used [0x00000000eab00000,0x00000000eab00000,0x00000000ec280000)
  from space 1536K, 74% used [0x00000000ec700000,0x00000000ec81c898,0x00000000ec880000)
  to   space 2048K, 0% used [0x00000000ec480000,0x00000000ec480000,0x00000000ec680000)
 ParOldGen       total 68608K, used 15290K [0x00000000c0000000, 0x00000000c4300000, 0x00000000eab00000)
  object space 68608K, 22% used [0x00000000c0000000,0x00000000c0eeeb50,0x00000000c4300000)
 Metaspace       used 35205K, committed 35840K, reserved 1114112K
  class space    used 3536K, committed 3840K, reserved 1048576K
}
Event: 72.010 GC heap before
{Heap before GC invocations=12 (full 2):
 PSYoungGen      total 25600K, used 1138K [0x00000000eab00000, 0x00000000ec880000, 0x0000000100000000)
  eden space 24064K, 0% used [0x00000000eab00000,0x00000000eab00000,0x00000000ec280000)
  from space 1536K, 74% used [0x00000000ec700000,0x00000000ec81c898,0x00000000ec880000)
  to   space 2048K, 0% used [0x00000000ec480000,0x00000000ec480000,0x00000000ec680000)
 ParOldGen       total 68608K, used 15290K [0x00000000c0000000, 0x00000000c4300000, 0x00000000eab00000)
  object space 68608K, 22% used [0x00000000c0000000,0x00000000c0eeeb50,0x00000000c4300000)
 Metaspace       used 35205K, committed 35840K, reserved 1114112K
  class space    used 3536K, committed 3840K, reserved 1048576K
}
Event: 72.071 GC heap after
{Heap after GC invocations=12 (full 2):
 PSYoungGen      total 25600K, used 0K [0x00000000eab00000, 0x00000000ec880000, 0x0000000100000000)
  eden space 24064K, 0% used [0x00000000eab00000,0x00000000eab00000,0x00000000ec280000)
  from space 1536K, 0% used [0x00000000ec700000,0x00000000ec700000,0x00000000ec880000)
  to   space 2048K, 0% used [0x00000000ec480000,0x00000000ec480000,0x00000000ec680000)
 ParOldGen       total 68608K, used 13023K [0x00000000c0000000, 0x00000000c4300000, 0x00000000eab00000)
  object space 68608K, 18% used [0x00000000c0000000,0x00000000c0cb7cc8,0x00000000c4300000)
 Metaspace       used 35192K, committed 35840K, reserved 1114112K
  class space    used 3532K, committed 3840K, reserved 1048576K
}
Event: 73.681 GC heap before
{Heap before GC invocations=13 (full 2):
 PSYoungGen      total 25600K, used 24064K [0x00000000eab00000, 0x00000000ec880000, 0x0000000100000000)
  eden space 24064K, 100% used [0x00000000eab00000,0x00000000ec280000,0x00000000ec280000)
  from space 1536K, 0% used [0x00000000ec700000,0x00000000ec700000,0x00000000ec880000)
  to   space 2048K, 0% used [0x00000000ec480000,0x00000000ec480000,0x00000000ec680000)
 ParOldGen       total 68608K, used 13023K [0x00000000c0000000, 0x00000000c4300000, 0x00000000eab00000)
  object space 68608K, 18% used [0x00000000c0000000,0x00000000c0cb7cc8,0x00000000c4300000)
 Metaspace       used 37751K, committed 38400K, reserved 1114112K
  class space    used 3822K, committed 4096K, reserved 1048576K
}
Event: 73.683 GC heap after
{Heap after GC invocations=13 (full 2):
 PSYoungGen      total 25600K, used 797K [0x00000000eab00000, 0x00000000ec780000, 0x0000000100000000)
  eden space 23552K, 0% used [0x00000000eab00000,0x00000000eab00000,0x00000000ec200000)
  from space 2048K, 38% used [0x00000000ec480000,0x00000000ec547490,0x00000000ec680000)
  to   space 1024K, 0% used [0x00000000ec680000,0x00000000ec680000,0x00000000ec780000)
 ParOldGen       total 68608K, used 13031K [0x00000000c0000000, 0x00000000c4300000, 0x00000000eab00000)
  object space 68608K, 18% used [0x00000000c0000000,0x00000000c0cb9cc8,0x00000000c4300000)
 Metaspace       used 37751K, committed 38400K, reserved 1114112K
  class space    used 3822K, committed 4096K, reserved 1048576K
}
Event: 75.629 GC heap before
{Heap before GC invocations=14 (full 2):
 PSYoungGen      total 25600K, used 24349K [0x00000000eab00000, 0x00000000ec780000, 0x0000000100000000)
  eden space 23552K, 100% used [0x00000000eab00000,0x00000000ec200000,0x00000000ec200000)
  from space 2048K, 38% used [0x00000000ec480000,0x00000000ec547490,0x00000000ec680000)
  to   space 1024K, 0% used [0x00000000ec680000,0x00000000ec680000,0x00000000ec780000)
 ParOldGen       total 68608K, used 13031K [0x00000000c0000000, 0x00000000c4300000, 0x00000000eab00000)
  object space 68608K, 18% used [0x00000000c0000000,0x00000000c0cb9cc8,0x00000000c4300000)
 Metaspace       used 40534K, committed 41280K, reserved 1114112K
  class space    used 4179K, committed 4480K, reserved 1048576K
}
Event: 75.633 GC heap after
{Heap after GC invocations=14 (full 2):
 PSYoungGen      total 24064K, used 995K [0x00000000eab00000, 0x00000000ec780000, 0x0000000100000000)
  eden space 23040K, 0% used [0x00000000eab00000,0x00000000eab00000,0x00000000ec180000)
  from space 1024K, 97% used [0x00000000ec680000,0x00000000ec778dd8,0x00000000ec780000)
  to   space 2048K, 0% used [0x00000000ec380000,0x00000000ec380000,0x00000000ec580000)
 ParOldGen       total 68608K, used 13708K [0x00000000c0000000, 0x00000000c4300000, 0x00000000eab00000)
  object space 68608K, 19% used [0x00000000c0000000,0x00000000c0d63168,0x00000000c4300000)
 Metaspace       used 40534K, committed 41280K, reserved 1114112K
  class space    used 4179K, committed 4480K, reserved 1048576K
}
Event: 77.174 GC heap before
{Heap before GC invocations=15 (full 2):
 PSYoungGen      total 24064K, used 24035K [0x00000000eab00000, 0x00000000ec780000, 0x0000000100000000)
  eden space 23040K, 100% used [0x00000000eab00000,0x00000000ec180000,0x00000000ec180000)
  from space 1024K, 97% used [0x00000000ec680000,0x00000000ec778dd8,0x00000000ec780000)
  to   space 2048K, 0% used [0x00000000ec380000,0x00000000ec380000,0x00000000ec580000)
 ParOldGen       total 68608K, used 13708K [0x00000000c0000000, 0x00000000c4300000, 0x00000000eab00000)
  object space 68608K, 19% used [0x00000000c0000000,0x00000000c0d63168,0x00000000c4300000)
 Metaspace       used 43548K, committed 44352K, reserved 1114112K
  class space    used 4548K, committed 4864K, reserved 1048576K
}
Event: 77.177 GC heap after
{Heap after GC invocations=15 (full 2):
 PSYoungGen      total 24576K, used 1435K [0x00000000eab00000, 0x00000000ec700000, 0x0000000100000000)
  eden space 22528K, 0% used [0x00000000eab00000,0x00000000eab00000,0x00000000ec100000)
  from space 2048K, 70% used [0x00000000ec380000,0x00000000ec4e6d68,0x00000000ec580000)
  to   space 1536K, 0% used [0x00000000ec580000,0x00000000ec580000,0x00000000ec700000)
 ParOldGen       total 68608K, used 14659K [0x00000000c0000000, 0x00000000c4300000, 0x00000000eab00000)
  object space 68608K, 21% used [0x00000000c0000000,0x00000000c0e50d60,0x00000000c4300000)
 Metaspace       used 43548K, committed 44352K, reserved 1114112K
  class space    used 4548K, committed 4864K, reserved 1048576K
}
Event: 78.151 GC heap before
{Heap before GC invocations=16 (full 2):
 PSYoungGen      total 24576K, used 23963K [0x00000000eab00000, 0x00000000ec700000, 0x0000000100000000)
  eden space 22528K, 100% used [0x00000000eab00000,0x00000000ec100000,0x00000000ec100000)
  from space 2048K, 70% used [0x00000000ec380000,0x00000000ec4e6d68,0x00000000ec580000)
  to   space 1536K, 0% used [0x00000000ec580000,0x00000000ec580000,0x00000000ec700000)
 ParOldGen       total 68608K, used 14659K [0x00000000c0000000, 0x00000000c4300000, 0x00000000eab00000)
  object space 68608K, 21% used [0x00000000c0000000,0x00000000c0e50d60,0x00000000c4300000)
 Metaspace       used 46416K, committed 47232K, reserved 1114112K
  class space    used 4934K, committed 5248K, reserved 1048576K
}
Event: 78.160 GC heap after
{Heap after GC invocations=16 (full 2):
 PSYoungGen      total 23552K, used 1248K [0x00000000eab00000, 0x00000000ec700000, 0x0000000100000000)
  eden space 22016K, 0% used [0x00000000eab00000,0x00000000eab00000,0x00000000ec080000)
  from space 1536K, 81% used [0x00000000ec580000,0x00000000ec6b8000,0x00000000ec700000)
  to   space 1536K, 0% used [0x00000000ec400000,0x00000000ec400000,0x00000000ec580000)
 ParOldGen       total 68608K, used 15994K [0x00000000c0000000, 0x00000000c4300000, 0x00000000eab00000)
  object space 68608K, 23% used [0x00000000c0000000,0x00000000c0f9eb48,0x00000000c4300000)
 Metaspace       used 46416K, committed 47232K, reserved 1114112K
  class space    used 4934K, committed 5248K, reserved 1048576K
}

